<?xml version="1.0" encoding="UTF-8"?>
<testsuite xmlns:xsi="http://www.w3.org/2001/XMLSchema-instance" xsi:noNamespaceSchemaLocation="https://maven.apache.org/surefire/maven-surefire-plugin/xsd/surefire-test-report.xsd" name="com.rericha.CommandLineServiceTest" time="0.175" tests="6" errors="0" skipped="0" failures="0">
  <properties>
[...]
</properties>
  <testcase name="testOutputing" classname="com.rericha.CommandLineServiceTest" time="0.036"/>
  <testcase name="whenWritingToReadOnlyFileThenIOException" classname="com.rericha.CommandLineServiceTest" time="0.002"/>
  <testcase name="whenReadingNonExistentFileThenIOException" classname="com.rericha.CommandLineServiceTest" time="0.001"/>
  <testcase name="testReading" classname="com.rericha.CommandLineServiceTest" time="0.002"/>
  <testcase name="integrationTest" classname="com.rericha.CommandLineServiceTest" time="0.017"/>
  <testcase name="testSorting" classname="com.rericha.CommandLineServiceTest" time="0"/>
</testsuite>